# JRE version: OpenJDK Runtime Environment AdoptOpenJDK (14.0.2+12) (build 14.0.2+12)
# Java VM: OpenJDK 64-Bit Server VM AdoptOpenJDK (14.0.2+12, mixed mode, sharing, tiered, compressed oops, g1 gc, windows-amd64)
Heap:
 garbage-first heap   total 54272K, used 24164K [0x0000000081c00000, 0x0000000100000000)
  region size 1024K, 10 young (10240K), 3 survivors (3072K)
 Metaspace       used 39080K, capacity 40212K, committed 40320K, reserved 1083392K
  class space    used 4943K, capacity 5399K, committed 5504K, reserved 1048576K
GC Heap History (20 events):
Event: 1.856 GC heap before
{Heap before GC invocations=2 (full 0):
 garbage-first heap   total 131072K, used 31089K [0x0000000081c00000, 0x0000000100000000)
  region size 1024K, 26 young (26624K), 1 survivors (1024K)
 Metaspace       used 8226K, capacity 9709K, committed 9728K, reserved 1058816K
  class space    used 1065K, capacity 1275K, committed 1280K, reserved 1048576K
}
Event: 1.862 GC heap after
{Heap after GC invocations=3 (full 0):
 garbage-first heap   total 131072K, used 7744K [0x0000000081c00000, 0x0000000100000000)
  region size 1024K, 2 young (2048K), 2 survivors (2048K)
 Metaspace       used 8226K, capacity 9709K, committed 9728K, reserved 1058816K
  class space    used 1065K, capacity 1275K, committed 1280K, reserved 1048576K
}
Event: 2.598 GC heap before
{Heap before GC invocations=3 (full 0):
 garbage-first heap   total 131072K, used 82496K [0x0000000081c00000, 0x0000000100000000)
  region size 1024K, 76 young (77824K), 2 survivors (2048K)
 Metaspace       used 15539K, capacity 16282K, committed 16512K, reserved 1062912K
  class space    used 1950K, capacity 2174K, committed 2176K, reserved 1048576K
}
Event: 2.603 GC heap after
{Heap after GC invocations=4 (full 0):
 garbage-first heap   total 131072K, used 9236K [0x0000000081c00000, 0x0000000100000000)
  region size 1024K, 4 young (4096K), 4 survivors (4096K)
 Metaspace       used 15539K, capacity 16282K, committed 16512K, reserved 1062912K
  class space    used 1950K, capacity 2174K, committed 2176K, reserved 1048576K
}
Event: 4.658 GC heap before
{Heap before GC invocations=4 (full 0):
 garbage-first heap   total 131072K, used 77844K [0x0000000081c00000, 0x0000000100000000)
  region size 1024K, 73 young (74752K), 4 survivors (4096K)
 Metaspace       used 20398K, capacity 21105K, committed 21248K, reserved 1067008K
  class space    used 2548K, capacity 2788K, committed 2816K, reserved 1048576K
}
Event: 4.670 GC heap after
{Heap after GC invocations=5 (full 0):
 garbage-first heap   total 131072K, used 11617K [0x0000000081c00000, 0x0000000100000000)
  region size 1024K, 6 young (6144K), 6 survivors (6144K)
 Metaspace       used 20398K, capacity 21105K, committed 21248K, reserved 1067008K
  class space    used 2548K, capacity 2788K, committed 2816K, reserved 1048576K
}
Event: 5.399 GC heap before
{Heap before GC invocations=6 (full 0):
 garbage-first heap   total 45056K, used 32097K [0x0000000081c00000, 0x0000000100000000)
  region size 1024K, 26 young (26624K), 6 survivors (6144K)
 Metaspace       used 23003K, capacity 23788K, committed 24064K, reserved 1071104K
  class space    used 2919K, capacity 3225K, committed 3328K, reserved 1048576K
}
Event: 5.424 GC heap after
{Heap after GC invocations=7 (full 0):
 garbage-first heap   total 54272K, used 12998K [0x0000000081c00000, 0x0000000100000000)
  region size 1024K, 2 young (2048K), 2 survivors (2048K)
 Metaspace       used 23003K, capacity 23788K, committed 24064K, reserved 1071104K
  class space    used 2919K, capacity 3225K, committed 3328K, reserved 1048576K
}
Event: 7.489 GC heap before
{Heap before GC invocations=7 (full 0):
 garbage-first heap   total 54272K, used 40646K [0x0000000081c00000, 0x0000000100000000)
  region size 1024K, 29 young (29696K), 2 survivors (2048K)
 Metaspace       used 26713K, capacity 27613K, committed 27904K, reserved 1073152K
  class space    used 3367K, capacity 3717K, committed 3840K, reserved 1048576K
}
Event: 7.500 GC heap after
{Heap after GC invocations=8 (full 0):
 garbage-first heap   total 54272K, used 14558K [0x0000000081c00000, 0x0000000100000000)
  region size 1024K, 4 young (4096K), 4 survivors (4096K)
 Metaspace       used 26713K, capacity 27613K, committed 27904K, reserved 1073152K
  class space    used 3367K, capacity 3717K, committed 3840K, reserved 1048576K
}
Event: 7.508 GC heap before
{Heap before GC invocations=8 (full 0):
 garbage-first heap   total 54272K, used 39134K [0x0000000081c00000, 0x0000000100000000)
  region size 1024K, 29 young (29696K), 4 survivors (4096K)
 Metaspace       used 26713K, capacity 27613K, committed 27904K, reserved 1073152K
  class space    used 3367K, capacity 3717K, committed 3840K, reserved 1048576K
}
Event: 7.518 GC heap after
{Heap after GC invocations=9 (full 0):
 garbage-first heap   total 54272K, used 14459K [0x0000000081c00000, 0x0000000100000000)
  region size 1024K, 2 young (2048K), 2 survivors (2048K)
 Metaspace       used 26713K, capacity 27613K, committed 27904K, reserved 1073152K
  class space    used 3367K, capacity 3717K, committed 3840K, reserved 1048576K
}
Event: 8.130 GC heap before
{Heap before GC invocations=9 (full 0):
 garbage-first heap   total 54272K, used 40059K [0x0000000081c00000, 0x0000000100000000)
  region size 1024K, 28 young (28672K), 2 survivors (2048K)
 Metaspace       used 28006K, capacity 29015K, committed 29312K, reserved 1075200K
  class space    used 3539K, capacity 3907K, committed 3968K, reserved 1048576K
}
Event: 8.134 GC heap after
{Heap after GC invocations=10 (full 0):
 garbage-first heap   total 54272K, used 15116K [0x0000000081c00000, 0x0000000100000000)
  region size 1024K, 3 young (3072K), 3 survivors (3072K)
 Metaspace       used 28006K, capacity 29015K, committed 29312K, reserved 1075200K
  class space    used 3539K, capacity 3907K, committed 3968K, reserved 1048576K
}
Event: 10.364 GC heap before
{Heap before GC invocations=10 (full 0):
 garbage-first heap   total 54272K, used 41740K [0x0000000081c00000, 0x0000000100000000)
  region size 1024K, 29 young (29696K), 3 survivors (3072K)
 Metaspace       used 33896K, capacity 34962K, committed 35200K, reserved 1079296K
  class space    used 4243K, capacity 4674K, committed 4736K, reserved 1048576K
}
Event: 10.370 GC heap after
{Heap after GC invocations=11 (full 0):
 garbage-first heap   total 54272K, used 16849K [0x0000000081c00000, 0x0000000100000000)
  region size 1024K, 3 young (3072K), 3 survivors (3072K)
 Metaspace       used 33896K, capacity 34962K, committed 35200K, reserved 1079296K
  class space    used 4243K, capacity 4674K, committed 4736K, reserved 1048576K
}
Event: 10.433 GC heap before
{Heap before GC invocations=11 (full 0):
 garbage-first heap   total 54272K, used 17873K [0x0000000081c00000, 0x0000000100000000)
  region size 1024K, 5 young (5120K), 3 survivors (3072K)
 Metaspace       used 34389K, capacity 35459K, committed 35628K, reserved 1081344K
  class space    used 4278K, capacity 4711K, committed 4736K, reserved 1048576K
}
Event: 10.437 GC heap after
{Heap after GC invocations=12 (full 0):
 garbage-first heap   total 54272K, used 17102K [0x0000000081c00000, 0x0000000100000000)
  region size 1024K, 2 young (2048K), 2 survivors (2048K)
 Metaspace       used 34389K, capacity 35459K, committed 35628K, reserved 1081344K
  class space    used 4278K, capacity 4711K, committed 4736K, reserved 1048576K
}
Event: 11.838 GC heap before
{Heap before GC invocations=13 (full 0):
 garbage-first heap   total 54272K, used 40654K [0x0000000081c00000, 0x0000000100000000)
  region size 1024K, 26 young (26624K), 2 survivors (2048K)
 Metaspace       used 38316K, capacity 39406K, committed 39552K, reserved 1083392K
  class space    used 4783K, capacity 5238K, committed 5248K, reserved 1048576K
}
Event: 11.841 GC heap after
{Heap after GC invocations=14 (full 0):
 garbage-first heap   total 54272K, used 18020K [0x0000000081c00000, 0x0000000100000000)
  region size 1024K, 3 young (3072K), 3 survivors (3072K)
 Metaspace       used 38316K, capacity 39406K, committed 39552K, reserved 1083392K
  class space    used 4783K, capacity 5238K, committed 5248K, reserved 1048576K
}

